# JRE version: OpenJDK Runtime Environment Temurin-21.0.3+9 (21.0.3+9) (build 21.0.3+9-LTS)
# Java VM: OpenJDK 64-Bit Server VM Temurin-21.0.3+9 (21.0.3+9-LTS, mixed mode, tiered, compressed oops, compressed class ptrs, g1 gc, windows-amd64)
GC Precious Log:
 CardTable entry size: 512
 Card Set container configuration: InlinePtr #cards 5 size 8 Array Of Cards #cards 12 size 40 Howl #buckets 4 coarsen threshold 1843 Howl Bitmap #cards 512 size 80 coarsen threshold 460 Card regions per heap region 1 cards per card region 2048
 CPUs: 12 total, 12 available
 Memory: 7521M
 Large Page Support: Disabled
 NUMA Support: Disabled
 Compressed Oops: Enabled (32-bit)
 Heap Region Size: 1M
 Heap Min Capacity: 8M
 Heap Initial Capacity: 118M
 Heap Max Capacity: 1882M
 Pre-touch: Disabled
 Parallel Workers: 10
 Concurrent Workers: 3
 Concurrent Refinement Workers: 10
 Periodic GC: Disabled
Heap:
 garbage-first heap   total 542720K, used 472064K [0x000000008a600000, 0x0000000100000000)
  region size 1024K, 37 young (37888K), 13 survivors (13312K)
 Metaspace       used 10795K, committed 10944K, reserved 1114112K
  class space    used 887K, committed 960K, reserved 1048576K
GC Heap History (20 events):
Event: 408.000 GC heap before
{Heap before GC invocations=27 (full 0):
 garbage-first heap   total 348160K, used 243582K [0x000000008a600000, 0x0000000100000000)
  region size 1024K, 42 young (43008K), 7 survivors (7168K)
 Metaspace       used 10797K, committed 10944K, reserved 1114112K
  class space    used 890K, committed 960K, reserved 1048576K
}
Event: 408.020 GC heap after
{Heap after GC invocations=28 (full 0):
 garbage-first heap   total 348160K, used 218459K [0x000000008a600000, 0x0000000100000000)
  region size 1024K, 6 young (6144K), 6 survivors (6144K)
 Metaspace       used 10797K, committed 10944K, reserved 1114112K
  class space    used 890K, committed 960K, reserved 1048576K
}
Event: 444.474 GC heap before
{Heap before GC invocations=28 (full 0):
 garbage-first heap   total 348160K, used 294235K [0x000000008a600000, 0x0000000100000000)
  region size 1024K, 80 young (81920K), 6 survivors (6144K)
 Metaspace       used 10797K, committed 10944K, reserved 1114112K
  class space    used 890K, committed 960K, reserved 1048576K
}
Event: 444.497 GC heap after
{Heap after GC invocations=29 (full 0):
 garbage-first heap   total 348160K, used 238364K [0x000000008a600000, 0x0000000100000000)
  region size 1024K, 10 young (10240K), 10 survivors (10240K)
 Metaspace       used 10797K, committed 10944K, reserved 1114112K
  class space    used 890K, committed 960K, reserved 1048576K
}
Event: 480.527 GC heap before
{Heap before GC invocations=29 (full 0):
 garbage-first heap   total 348160K, used 303900K [0x000000008a600000, 0x0000000100000000)
  region size 1024K, 74 young (75776K), 10 survivors (10240K)
 Metaspace       used 10797K, committed 10944K, reserved 1114112K
  class space    used 890K, committed 960K, reserved 1048576K
}
Event: 480.563 GC heap after
{Heap after GC invocations=30 (full 0):
 garbage-first heap   total 348160K, used 257927K [0x000000008a600000, 0x0000000100000000)
  region size 1024K, 10 young (10240K), 10 survivors (10240K)
 Metaspace       used 10797K, committed 10944K, reserved 1114112K
  class space    used 890K, committed 960K, reserved 1048576K
}
Event: 515.641 GC heap before
{Heap before GC invocations=31 (full 0):
 garbage-first heap   total 432128K, used 314247K [0x000000008a600000, 0x0000000100000000)
  region size 1024K, 65 young (66560K), 10 survivors (10240K)
 Metaspace       used 10797K, committed 10944K, reserved 1114112K
  class space    used 890K, committed 960K, reserved 1048576K
}
Event: 515.665 GC heap after
{Heap after GC invocations=32 (full 0):
 garbage-first heap   total 432128K, used 274432K [0x000000008a600000, 0x0000000100000000)
  region size 1024K, 9 young (9216K), 9 survivors (9216K)
 Metaspace       used 10797K, committed 10944K, reserved 1114112K
  class space    used 890K, committed 960K, reserved 1048576K
}
Event: 564.857 GC heap before
{Heap before GC invocations=32 (full 0):
 garbage-first heap   total 432128K, used 384000K [0x000000008a600000, 0x0000000100000000)
  region size 1024K, 100 young (102400K), 9 survivors (9216K)
 Metaspace       used 10800K, committed 10944K, reserved 1114112K
  class space    used 890K, committed 960K, reserved 1048576K
}
Event: 564.909 GC heap after
{Heap after GC invocations=33 (full 0):
 garbage-first heap   total 432128K, used 314368K [0x000000008a600000, 0x0000000100000000)
  region size 1024K, 13 young (13312K), 13 survivors (13312K)
 Metaspace       used 10800K, committed 10944K, reserved 1114112K
  class space    used 890K, committed 960K, reserved 1048576K
}
Event: 604.522 GC heap before
{Heap before GC invocations=33 (full 0):
 garbage-first heap   total 432128K, used 387072K [0x000000008a600000, 0x0000000100000000)
  region size 1024K, 84 young (86016K), 13 survivors (13312K)
 Metaspace       used 10803K, committed 10944K, reserved 1114112K
  class space    used 890K, committed 960K, reserved 1048576K
}
Event: 604.571 GC heap after
{Heap after GC invocations=34 (full 0):
 garbage-first heap   total 432128K, used 335675K [0x000000008a600000, 0x0000000100000000)
  region size 1024K, 11 young (11264K), 11 survivors (11264K)
 Metaspace       used 10803K, committed 10944K, reserved 1114112K
  class space    used 890K, committed 960K, reserved 1048576K
}
Event: 632.570 GC heap before
{Heap before GC invocations=35 (full 0):
 garbage-first heap   total 542720K, used 381755K [0x000000008a600000, 0x0000000100000000)
  region size 1024K, 67 young (68608K), 11 survivors (11264K)
 Metaspace       used 10803K, committed 10944K, reserved 1114112K
  class space    used 890K, committed 960K, reserved 1048576K
}
Event: 632.595 GC heap after
{Heap after GC invocations=36 (full 0):
 garbage-first heap   total 542720K, used 341421K [0x000000008a600000, 0x0000000100000000)
  region size 1024K, 9 young (9216K), 9 survivors (9216K)
 Metaspace       used 10803K, committed 10944K, reserved 1114112K
  class space    used 890K, committed 960K, reserved 1048576K
}
Event: 42212.210 GC heap before
{Heap before GC invocations=36 (full 0):
 garbage-first heap   total 542720K, used 459181K [0x000000008a600000, 0x0000000100000000)
  region size 1024K, 124 young (126976K), 9 survivors (9216K)
 Metaspace       used 10807K, committed 10944K, reserved 1114112K
  class space    used 890K, committed 960K, reserved 1048576K
}
Event: 42212.260 GC heap after
{Heap after GC invocations=37 (full 0):
 garbage-first heap   total 542720K, used 372224K [0x000000008a600000, 0x0000000100000000)
  region size 1024K, 16 young (16384K), 16 survivors (16384K)
 Metaspace       used 10807K, committed 10944K, reserved 1114112K
  class space    used 890K, committed 960K, reserved 1048576K
}
Event: 42243.897 GC heap before
{Heap before GC invocations=37 (full 0):
 garbage-first heap   total 542720K, used 473600K [0x000000008a600000, 0x0000000100000000)
  region size 1024K, 115 young (117760K), 16 survivors (16384K)
 Metaspace       used 10807K, committed 10944K, reserved 1114112K
  class space    used 890K, committed 960K, reserved 1048576K
}
Event: 42243.933 GC heap after
{Heap after GC invocations=38 (full 0):
 garbage-first heap   total 542720K, used 401408K [0x000000008a600000, 0x0000000100000000)
  region size 1024K, 15 young (15360K), 15 survivors (15360K)
 Metaspace       used 10807K, committed 10944K, reserved 1114112K
  class space    used 890K, committed 960K, reserved 1048576K
}
Event: 42271.759 GC heap before
{Heap before GC invocations=38 (full 0):
 garbage-first heap   total 542720K, used 476160K [0x000000008a600000, 0x0000000100000000)
  region size 1024K, 89 young (91136K), 15 survivors (15360K)
 Metaspace       used 10807K, committed 10944K, reserved 1114112K
  class space    used 890K, committed 960K, reserved 1048576K
}
Event: 42271.802 GC heap after
{Heap after GC invocations=39 (full 0):
 garbage-first heap   total 542720K, used 423936K [0x000000008a600000, 0x0000000100000000)
  region size 1024K, 13 young (13312K), 13 survivors (13312K)
 Metaspace       used 10807K, committed 10944K, reserved 1114112K
  class space    used 890K, committed 960K, reserved 1048576K
}

