# JRE version: OpenJDK Runtime Environment Temurin-21.0.3+9 (21.0.3+9) (build 21.0.3+9-LTS)
# Java VM: OpenJDK 64-Bit Server VM Temurin-21.0.3+9 (21.0.3+9-LTS, mixed mode, tiered, compressed oops, compressed class ptrs, g1 gc, windows-amd64)
GC Precious Log:
 CardTable entry size: 512
 Card Set container configuration: InlinePtr #cards 5 size 8 Array Of Cards #cards 12 size 40 Howl #buckets 4 coarsen threshold 1843 Howl Bitmap #cards 512 size 80 coarsen threshold 460 Card regions per heap region 1 cards per card region 2048
 CPUs: 12 total, 12 available
 Memory: 7521M
 Large Page Support: Disabled
 NUMA Support: Disabled
 Compressed Oops: Enabled (32-bit)
 Heap Region Size: 1M
 Heap Min Capacity: 8M
 Heap Initial Capacity: 118M
 Heap Max Capacity: 1882M
 Pre-touch: Disabled
 Parallel Workers: 10
 Concurrent Workers: 3
 Concurrent Refinement Workers: 10
 Periodic GC: Disabled
Heap:
 garbage-first heap   total 644096K, used 481280K [0x000000008a600000, 0x0000000100000000)
  region size 1024K, 19 young (19456K), 16 survivors (16384K)
 Metaspace       used 4695K, committed 4864K, reserved 1114112K
  class space    used 364K, committed 448K, reserved 1048576K
GC Heap History (20 events):
Event: 442.603 GC heap before
{Heap before GC invocations=28 (full 0):
 garbage-first heap   total 380928K, used 267670K [0x000000008a600000, 0x0000000100000000)
  region size 1024K, 48 young (49152K), 8 survivors (8192K)
 Metaspace       used 4695K, committed 4864K, reserved 1114112K
  class space    used 364K, committed 448K, reserved 1048576K
}
Event: 442.621 GC heap after
{Heap after GC invocations=29 (full 0):
 garbage-first heap   total 380928K, used 238941K [0x000000008a600000, 0x0000000100000000)
  region size 1024K, 6 young (6144K), 6 survivors (6144K)
 Metaspace       used 4695K, committed 4864K, reserved 1114112K
  class space    used 364K, committed 448K, reserved 1048576K
}
Event: 488.377 GC heap before
{Heap before GC invocations=29 (full 0):
 garbage-first heap   total 380928K, used 321885K [0x000000008a600000, 0x0000000100000000)
  region size 1024K, 87 young (89088K), 6 survivors (6144K)
 Metaspace       used 4695K, committed 4864K, reserved 1114112K
  class space    used 364K, committed 448K, reserved 1048576K
}
Event: 488.423 GC heap after
{Heap after GC invocations=30 (full 0):
 garbage-first heap   total 380928K, used 261120K [0x000000008a600000, 0x0000000100000000)
  region size 1024K, 11 young (11264K), 11 survivors (11264K)
 Metaspace       used 4695K, committed 4864K, reserved 1114112K
  class space    used 364K, committed 448K, reserved 1048576K
}
Event: 531.115 GC heap before
{Heap before GC invocations=30 (full 0):
 garbage-first heap   total 380928K, used 329728K [0x000000008a600000, 0x0000000100000000)
  region size 1024K, 79 young (80896K), 11 survivors (11264K)
 Metaspace       used 4695K, committed 4864K, reserved 1114112K
  class space    used 364K, committed 448K, reserved 1048576K
}
Event: 531.148 GC heap after
{Heap after GC invocations=31 (full 0):
 garbage-first heap   total 380928K, used 281510K [0x000000008a600000, 0x0000000100000000)
  region size 1024K, 10 young (10240K), 10 survivors (10240K)
 Metaspace       used 4695K, committed 4864K, reserved 1114112K
  class space    used 364K, committed 448K, reserved 1048576K
}
Event: 560.961 GC heap before
{Heap before GC invocations=32 (full 0):
 garbage-first heap   total 498688K, used 358310K [0x000000008a600000, 0x0000000100000000)
  region size 1024K, 69 young (70656K), 10 survivors (10240K)
 Metaspace       used 4695K, committed 4864K, reserved 1114112K
  class space    used 364K, committed 448K, reserved 1048576K
}
Event: 560.997 GC heap after
{Heap after GC invocations=33 (full 0):
 garbage-first heap   total 498688K, used 315392K [0x000000008a600000, 0x0000000100000000)
  region size 1024K, 9 young (9216K), 9 survivors (9216K)
 Metaspace       used 4695K, committed 4864K, reserved 1114112K
  class space    used 364K, committed 448K, reserved 1048576K
}
Event: 616.804 GC heap before
{Heap before GC invocations=33 (full 0):
 garbage-first heap   total 498688K, used 420864K [0x000000008a600000, 0x0000000100000000)
  region size 1024K, 112 young (114688K), 9 survivors (9216K)
 Metaspace       used 4695K, committed 4864K, reserved 1114112K
  class space    used 364K, committed 448K, reserved 1048576K
}
Event: 616.837 GC heap after
{Heap after GC invocations=34 (full 0):
 garbage-first heap   total 498688K, used 342878K [0x000000008a600000, 0x0000000100000000)
  region size 1024K, 14 young (14336K), 14 survivors (14336K)
 Metaspace       used 4695K, committed 4864K, reserved 1114112K
  class space    used 364K, committed 448K, reserved 1048576K
}
Event: 659.871 GC heap before
{Heap before GC invocations=34 (full 0):
 garbage-first heap   total 498688K, used 434014K [0x000000008a600000, 0x0000000100000000)
  region size 1024K, 103 young (105472K), 14 survivors (14336K)
 Metaspace       used 4695K, committed 4864K, reserved 1114112K
  class space    used 364K, committed 448K, reserved 1048576K
}
Event: 659.905 GC heap after
{Heap after GC invocations=35 (full 0):
 garbage-first heap   total 498688K, used 370625K [0x000000008a600000, 0x0000000100000000)
  region size 1024K, 13 young (13312K), 13 survivors (13312K)
 Metaspace       used 4695K, committed 4864K, reserved 1114112K
  class space    used 364K, committed 448K, reserved 1048576K
}
Event: 42216.395 GC heap before
{Heap before GC invocations=35 (full 0):
 garbage-first heap   total 498688K, used 450497K [0x000000008a600000, 0x0000000100000000)
  region size 1024K, 91 young (93184K), 13 survivors (13312K)
 Metaspace       used 4695K, committed 4864K, reserved 1114112K
  class space    used 364K, committed 448K, reserved 1048576K
}
Event: 42216.432 GC heap after
{Heap after GC invocations=36 (full 0):
 garbage-first heap   total 498688K, used 394219K [0x000000008a600000, 0x0000000100000000)
  region size 1024K, 12 young (12288K), 12 survivors (12288K)
 Metaspace       used 4695K, committed 4864K, reserved 1114112K
  class space    used 364K, committed 448K, reserved 1048576K
}
Event: 42234.818 GC heap before
{Heap before GC invocations=37 (full 0):
 garbage-first heap   total 644096K, used 442347K [0x000000008a600000, 0x0000000100000000)
  region size 1024K, 70 young (71680K), 12 survivors (12288K)
 Metaspace       used 4695K, committed 4864K, reserved 1114112K
  class space    used 364K, committed 448K, reserved 1048576K
}
Event: 42234.856 GC heap after
{Heap after GC invocations=38 (full 0):
 garbage-first heap   total 644096K, used 401408K [0x000000008a600000, 0x0000000100000000)
  region size 1024K, 9 young (9216K), 9 survivors (9216K)
 Metaspace       used 4695K, committed 4864K, reserved 1114112K
  class space    used 364K, committed 448K, reserved 1048576K
}
Event: 42293.571 GC heap before
{Heap before GC invocations=38 (full 0):
 garbage-first heap   total 644096K, used 572416K [0x000000008a600000, 0x0000000100000000)
  region size 1024K, 152 young (155648K), 9 survivors (9216K)
 Metaspace       used 4695K, committed 4864K, reserved 1114112K
  class space    used 364K, committed 448K, reserved 1048576K
}
Event: 42293.690 GC heap after
{Heap after GC invocations=39 (full 0):
 garbage-first heap   total 644096K, used 463360K [0x000000008a600000, 0x0000000100000000)
  region size 1024K, 19 young (19456K), 19 survivors (19456K)
 Metaspace       used 4695K, committed 4864K, reserved 1114112K
  class space    used 364K, committed 448K, reserved 1048576K
}
Event: 42355.349 GC heap before
{Heap before GC invocations=39 (full 0):
 garbage-first heap   total 644096K, used 573952K [0x000000008a600000, 0x0000000100000000)
  region size 1024K, 127 young (130048K), 19 survivors (19456K)
 Metaspace       used 4695K, committed 4864K, reserved 1114112K
  class space    used 364K, committed 448K, reserved 1048576K
}
Event: 42355.447 GC heap after
{Heap after GC invocations=40 (full 0):
 garbage-first heap   total 644096K, used 495616K [0x000000008a600000, 0x0000000100000000)
  region size 1024K, 16 young (16384K), 16 survivors (16384K)
 Metaspace       used 4695K, committed 4864K, reserved 1114112K
  class space    used 364K, committed 448K, reserved 1048576K
}

